1 -14 2 -10 6 -5 10 -13 10 7 -14 19 -5 20 1 18 -16 -7 12 8 
1 -14 2 -10 6 -5 10 -13 10 7 -14 19 -5 20 1 18 -16 3 12 8 
1 -14 2 -10 6 -5 10 -13 10 7 -14 19 -19 20 1 18 -16 3 12 8 
1 -14 2 -10 6 -5 10 -13 10 7 -14 19 -19 20 -13 18 -16 3 12 8 
1 -14 2 -10 6 -15 10 -13 10 7 -14 19 -19 20 -13 18 -16 3 12 8 
1 -14 2 -10 -10 -15 10 -13 10 7 -14 19 -19 20 -13 18 -16 3 12 8 
1 -14 2 -10 -10 -15 10 -13 10 7 -14 19 -19 20 -13 18 -16 3 -3 8 
1 -14 2 -10 -10 -15 10 -13 10 7 -14 19 -19 20 -13 18 -16 3 16 8 
1 -14 2 -10 -10 -15 10 -13 10 -3 -14 19 -19 20 -13 18 -16 3 16 8 
1 -14 2 -10 -10 -15 10 -13 10 -3 5 19 -19 20 -13 18 -16 3 16 8 
-15 -14 2 -10 -10 -15 10 -13 10 -3 5 19 -19 20 -13 18 -16 3 16 8 
-15 -14 2 -10 -10 -15 10 -13 10 -3 5 19 -19 20 3 18 -16 3 16 8 
-15 -14 2 -10 -10 -15 10 -13 10 -3 5 19 -19 20 3 15 -16 3 16 8 
-15 -14 2 -10 -10 -15 10 -13 10 -3 5 19 -19 6 3 15 -16 3 16 8 
-15 -14 2 -10 -10 -15 10 -13 10 -3 5 19 -19 6 3 20 -16 3 16 8 
-15 -14 2 -10 -10 -15 10 -13 10 -3 5 19 -19 6 3 20 -16 3 16 18 
-15 -14 2 -10 -10 -15 -5 -13 10 -3 5 19 -19 6 3 20 -16 3 16 18 
-15 -14 2 -10 -10 -15 -5 -13 0 -3 5 19 -19 6 3 20 -16 3 16 18 
-15 -14 -13 -10 -10 -15 -5 -13 0 -3 5 19 -19 6 3 20 -16 3 16 18 
-15 -14 -13 -10 -10 -9 -5 -13 0 -3 5 19 -19 6 3 20 -16 3 16 18 
-15 -14 -13 -10 -10 -9 -5 -13 0 -3 5 19 -19 6 3 20 -13 3 16 18 
-15 -14 -13 -10 -10 -9 -5 -13 0 -3 5 19 -19 6 3 20 -13 9 16 18 
-15 -14 -13 -10 -10 -9 -5 -13 0 -3 5 6 -19 6 3 20 -13 9 16 18 
-15 -14 -13 -10 -10 -9 -5 -13 0 -3 5 6 -19 6 3 20 7 9 16 18 
-15 -14 -13 -10 -10 -9 -5 -4 0 -3 5 6 -19 6 3 20 7 9 16 18 
-15 -14 -13 -10 -10 -9 -5 -4 0 -3 5 6 1 6 3 20 7 9 16 18 
-15 -14 -13 -10 -10 -9 -5 -4 -4 -3 5 6 1 6 3 20 7 9 16 18 
-15 -14 -13 -10 -10 -9 -5 -4 -4 -3 5 6 1 2 3 20 7 9 16 18 
-15 -14 -13 -10 -10 -9 -5 -4 -4 -3 5 6 1 2 3 6 7 9 16 18 
-15 -14 -13 -10 -10 -9 -5 -4 -4 -3 1 6 1 2 3 6 7 9 16 18 
-15 -14 -13 -10 -10 -9 -5 -4 -4 -3 1 1 1 2 3 6 7 9 16 18 
