-1 -1 -1 -1 -1 -1 -1 
-1 1 -1 0 -1 2 -1 
-1 0 0 3 0 0 -1 
-1 0 -1 -1 4 -1 -1 
-1 -2 -1 5 -1 6 -1 
-1 0 7 0 8 9 -1 
-1 -1 -1 -1 -1 -1 -1 

3 7 
4 3 
4 2 1 7 
3 2 
8 7 
9 
5 8 1 3 
9 5 7 
6 8 
1 111 100000000
3 7 
0 1 0 0 0 0 0 0 0 0 

3 122 100010000
3 7 4 2 1 7 
0 1 0 1 0 0 0 0 0 0 

7 132 100010010
3 7 4 2 1 7 5 8 1 3 
0 1 0 1 0 0 0 1 0 0 

2 213 102010010
3 7 4 2 1 7 5 8 1 3 4 3 
0 1 1 1 1 0 0 1 0 0 

5 231 102010210
3 7 4 2 1 7 5 8 1 3 4 3 8 7 
0 1 1 1 1 1 0 1 0 0 

8 233 102010212
^
5 231 100010212
^
2 213 102010202
^
7 132 102010212


3 122 000010000
4 2 1 7 
0 0 0 1 0 0 0 0 0 0 

2 213 002010000
4 2 1 7 4 3 
0 0 1 1 1 0 0 0 0 0 

1 111 102010000
4 2 1 7 4 3 3 7 
0 1 1 1 1 0 0 0 0 0 

7 132 102010010
4 2 1 7 4 3 3 7 5 8 1 3 
0 1 1 1 1 0 0 1 0 0 

5 231 102010210
4 2 1 7 4 3 3 7 5 8 1 3 8 7 
0 1 1 1 1 1 0 1 0 0 

8 233 102010212
7 132 102010012
^
1 111 100010012
^


7 132 000000010
5 8 1 3 
0 0 0 0 0 0 0 1 0 0 

5 231 000000210
5 8 1 3 8 7 
0 0 0 0 0 1 0 1 0 0 

8 233 000000212
5 8 1 3 8 7 9 5 7 
0 0 0 0 0 1 0 1 1 0 

1 111 100000212
5 8 1 3 8 7 9 5 7 3 7 
0 1 0 0 0 1 0 1 1 0 

3 122 100010212
1 111 100010210
5 8 1 3 8 7 3 7 
0 1 0 1 0 1 0 1 0 1 

8 233 100010212
1 111 100010012


5