1 1 1
1 6 2
1 7 3
1 5 2
2 7 3
1 6 3
1 7 4
1 4 2
3 7 3
2 6 3
3 7 4
1 5 3
4 7 4
1 6 4
1 7 5
1 3 2
4 7 3
3 6 3
7 7 4
2 5 3
3 6 4
4 7 5
1 4 3
8 7 4
4 6 4
8 7 5
1 5 4
9 7 5
1 6 5
1 7 6
1 2 2
5 7 3
4 6 3
12 7 4
3 5 3
15 7 4
7 6 4
16 7 5
2 4 3
17 7 4
9 6 4
25 7 5
3 5 4
28 7 5
4 6 5
5 7 6
1 3 3
18 7 4
10 6 4
38 7 5
4 5 4
42 7 5
8 6 5
13 7 6
1 4 4
43 7 5
9 6 5
22 7 6
1 5 5
23 7 6
1 6 6
1 2 1
1 7 2
2 6 2
7 7 3
2 5 2
9 7 3
6 6 3
24 7 4
2 4 2
11 7 3
5 5 3
15 6 4
58 7 5
2 3 2
13 7 3
8 6 3
32 7 4
7 5 3
22 6 4
80 7 5
4 4 3
36 7 4
26 6 4
106 7 5
8 5 4
114 7 5
17 6 5
40 7 6
1 3 1
2 7 2
3 6 2
16 7 3
3 5 2
19 7 3
11 6 3
47 7 4
3 4 2
22 7 3
14 6 3
61 7 4
10 5 3
71 7 4
36 6 4
150 7 5
1 4 1
3 7 2
4 6 2
26 7 3
4 5 2
30 7 3
18 6 3
89 7 4
1 5 1
4 7 2
5 6 2
35 7 3
516