YES 1 1 2 2
YES 2 2 7 7
YES 3 2 17 17
YES 3 3 35 35
YES 4 4 62 62
YES 5 4 100 100
6 5 152 151
YES 6 6 219 219
YES 7 7 303 303
YES 8 8 406 406
YES 9 8 530 530
YES 9 9 678 678
YES 10 10 851 851
YES 11 11 1051 1051
YES 12 12 1280 1280
YES 12 12 1540 1540
YES 13 13 1834 1834
YES 14 14 2163 2163
YES 15 15 2529 2529
15 16 2934 2931
16 17 3380 3378
17 18 3869 3868
YES 18 18 4403 4403
18 19 4985 4979
19 20 5616 5611
20 21 6298 6294
21 22 7033 7030
21 23 7823 7810
22 24 8670 8659
23 24 9576 9567
24 25 10544 10536
24 26 11575 11552
25 27 12671 12650
26 28 13834 13815
27 29 15066 15049
27 30 16369 16331
28 31 17745 17710
29 32 19196 19164
30 32 20724 20695
30 33 22332 22275
31 34 24021 23967
32 35 25793 25742
33 36 27650 27602
33 37 29594 29510
34 38 31627 31547
35 39 33751 33675
36 40 35968 35896
36 40 38280 38164
37 41 40690 40578
38 42 43199 43091
39 43 45809 45705
39 44 48522 48363
40 45 51340 51186
41 46 54265 54116
42 47 57299 57155
42 48 60444 60235
43 49 63702 63499
44 50 67075 66878
45 50 70565 70374
45 51 74175 73906
46 52 77906 77643
47 53 81760 81503
48 54 85739 85488
48 55 89845 89504
49 56 94080 93746
50 57 98446 98119
51 58 102945 102625
51 59 107579 107155
52 60 112350 111934
53 60 117260 116852
54 61 122312 121911
54 62 127507 126987
55 63 132847 132335
56 64 138334 137830
57 65 143970 143474
57 66 149757 149126
58 67 155697 155075
59 68 161792 161179
60 69 168044 167440
60 70 174455 173700
61 71 181027 180282
62 72 187762 187027
63 72 194662 193937
63 73 201730 200835
64 74 208967 208082
65 75 216375 215500
66 76 223956 223091
66 77 231712 230659
67 78 239645 238603
68 79 247757 246726
69 80 256050 255030
69 81 264526 263298
70 82 273187 271971
71 83 282035 280831
72 84 291072 289880
72 84 300300 298880
73 85 309722 308314
74 86 319339 317943
75 87 329153 327769
